C51 COMPILER V9.54   MAIN                                                                  06/15/2017 19:35:39 PAGE 1   


C51 COMPILER V9.54, COMPILATION OF MODULE MAIN
OBJECT MODULE PLACED IN .\Objects\Main.obj
COMPILER INVOKED BY: C:\Keil_v5\C51\BIN\C51.EXE Main.c OPTIMIZE(8,SPEED) BROWSE DEBUG OBJECTEXTEND PRINT(.\Listings\Main
                    -.lst) TABS(2) OBJECT(.\Objects\Main.obj)

line level    source

   1          #include "Includes.h"
   2          
   3          unsigned char arr[10]={0xc0,0xf9,0xa4,0xb0,0x99,0x92,0x82,0xf8,0x80,0x98};
   4          int h1,h2,m1,m2,s1,s2;
   5          
   6          
   7          
   8          void dist(unsigned char r, int k)
   9          {
  10   1        P3=k;
  11   1        switch (r)
  12   1        {
  13   2          case 0:
  14   2          P1=arr[0];
  15   2          break;
  16   2          
  17   2          case 1:
  18   2          P1=arr[1];
  19   2          break;
  20   2          
  21   2          case 2:
  22   2          P1=arr[2];
  23   2          break;
  24   2          
  25   2          case 3:
  26   2          P1=arr[3];
  27   2          break;
  28   2          
  29   2          case 4:
  30   2          P1=arr[4];
  31   2          break;
  32   2          
  33   2          case 5:
  34   2          P1=arr[5];
  35   2          break;
  36   2          
  37   2          case 6:
  38   2          P1=arr[6];
  39   2          break;
  40   2          
  41   2          case 7:
  42   2          P1=arr[7];
  43   2          break;
  44   2          
  45   2          case 8:
  46   2          P1=arr[8];
  47   2          break;
  48   2          
  49   2          case 9:
  50   2          P1=arr[9];
  51   2          break;
  52   2        }
  53   1      }
  54          
C51 COMPILER V9.54   MAIN                                                                  06/15/2017 19:35:39 PAGE 2   

  55          void led()
  56          {
  57   1        int k=0;
  58   1        P3=0x3f;
  59   1        for (k=0;k<10;k++)
  60   1        {
  61   2          P1=arr[k];
  62   2          delay(50000);
  63   2        }
  64   1      }
  65          
  66          void DisplayTimeTo7seg( unsigned char* pTimeArray )   // Displays time in HH:MM:SS AM/PM format
  67          {
  68   1        // Display Hour
  69   1        h1=(pTimeArray[2]/10);
  70   1        dist(h1,0x01);
  71   1        delay(100);
  72   1        h2=(pTimeArray[2]%10);
  73   1        dist(h2,0x02);
  74   1        delay(100);
  75   1        
  76   1        //Display Minutes
  77   1        m1=(pTimeArray[1]/10);
  78   1        dist(m1,0x04);
  79   1        delay(100);
  80   1        m2=(pTimeArray[1]%10);
  81   1        dist(m2,0x08);
  82   1        delay(100);
  83   1      
  84   1        //Display Seconds
  85   1        s1=(pTimeArray[0]/10);
  86   1        dist(s1,0x10);
  87   1        delay(100);
  88   1        s2=(pTimeArray[0]%10);
  89   1        dist(s2,0x20);
  90   1      }
  91          
  92          
  93          // Main function
  94          void main()
  95          { 
  96   1        InitI2C();  // Initialize i2c pins                      
  97   1      
  98   1        // Set initial time
  99   1        Set_DS1307_RTC_Time(AM_Time, 8, 32, 50);  // Set time 08:32:59 AM
 100   1      
 101   1        while(1)
 102   1        {
 103   2          // Display RTC time on first line of LCD
 104   2          DisplayTimeTo7seg(Get_DS1307_RTC_Time());
 105   2        }
 106   1      }


MODULE INFORMATION:   STATIC OVERLAYABLE
   CODE SIZE        =    358    ----
   CONSTANT SIZE    =   ----    ----
   XDATA SIZE       =   ----    ----
   PDATA SIZE       =   ----    ----
   DATA SIZE        =     22       5
   IDATA SIZE       =   ----    ----
   BIT SIZE         =   ----    ----
C51 COMPILER V9.54   MAIN                                                                  06/15/2017 19:35:39 PAGE 3   

END OF MODULE INFORMATION.


C51 COMPILATION COMPLETE.  0 WARNING(S),  0 ERROR(S)
